Drill report for Wise-Shield-32.kicad_pcb
Created on 2025-01-13T23:31:29-0300

Copper Layer Stackup:
    =============================================================
    L1 :  F.Cu                      front
    L2 :  B.Cu                      back


Drill file 'Wise-Shield-32-PTH.drl' contains
    plated through holes:
    =============================================================
    T1  0,381mm  0,0150"  (3 holes)
    T2  0,762mm  0,0300"  (30 holes)
    T3  0,800mm  0,0315"  (22 holes)
    T4  0,900mm  0,0354"  (2 holes)
    T5  1,000mm  0,0394"  (26 holes)  (with 3 slots)
    T6  1,400mm  0,0551"  (2 holes)
    T7  1,520mm  0,0598"  (2 holes)
    T8  1,600mm  0,0630"  (2 holes)

    Total plated holes count 89


Drill file 'Wise-Shield-32-NPTH.drl' contains
    unplated through holes:
    =============================================================

    Total unplated holes count 0
